Running backend tests...
Using PHPUnit directly
PHPUnit 10.5.48 by Sebastian Bergmann and contributors.

Runtime:       PHP 8.3.23
Configuration: /home/runner/work/project_management/project_management/backend/src/phpunit.xml

.S.....S.SE.........F.FE..                                        26 / 26 (100%)

Time: 00:01.033, Memory: 44.50 MB

Auth Controller (Tests\Feature\AuthController)
 ↩ User can register
 ✔ User can login with email
 ✔ User cannot login with invalid credentials
 ✔ Authenticated user can get profile
 ✔ User can logout
 ✔ User can change password
 ↩ Registration validation
 ✔ Login validation
 ↩ Duplicate email registration fails

Dashboard Controller (Tests\Feature\DashboardController)
 ✘ Dashboard stats returns correct data
   │
   │ InvalidArgumentException: Start date must be anterior to end date.
   │
   │ /home/runner/work/project_management/project_management/backend/src/vendor/fakerphp/faker/src/Faker/Provider/DateTime.php:152
   │ /home/runner/work/project_management/project_management/backend/src/vendor/fakerphp/faker/src/Faker/Generator.php:708
   │ /home/runner/work/project_management/project_management/backend/src/vendor/fakerphp/faker/src/Faker/Generator.php:973
   │ /home/runner/work/project_management/project_management/backend/src/vendor/fakerphp/faker/src/Faker/ChanceGenerator.php:55
   │ /home/runner/work/project_management/project_management/backend/src/database/factories/ProjectFactory.php:32
   │ /home/runner/work/project_management/project_management/backend/src/vendor/laravel/framework/src/Illuminate/Database/Eloquent/Factories/Factory.php:454
   │ /home/runner/work/project_management/project_management/backend/src/vendor/laravel/framework/src/Illuminate/Database/Eloquent/Factories/Factory.php:433
   │ /home/runner/work/project_management/project_management/backend/src/vendor/laravel/framework/src/Illuminate/Database/Eloquent/Factories/Factory.php:417
   │ /home/runner/work/project_management/project_management/backend/src/vendor/laravel/framework/src/Illuminate/Database/Eloquent/Concerns/GuardsAttributes.php:155
   │ /home/runner/work/project_management/project_management/backend/src/vendor/laravel/framework/src/Illuminate/Database/Eloquent/Factories/Factory.php:416
   │ /home/runner/work/project_management/project_management/backend/src/vendor/laravel/framework/src/Illuminate/Database/Eloquent/Factories/Factory.php:390
   │ /home/runner/work/project_management/project_management/backend/src/vendor/laravel/framework/src/Illuminate/Database/Eloquent/Factories/Factory.php:284
   │ /home/runner/work/project_management/project_management/backend/src/vendor/laravel/framework/src/Illuminate/Database/Eloquent/Factories/Factory.php:281
   │ /home/runner/work/project_management/project_management/backend/src/tests/Feature/DashboardControllerTest.php:36
   │
 ✔ Dashboard activities returns recent projects
 ✔ Revenue trend returns monthly data
 ✔ Project status distribution
 ✔ Unauthenticated user cannot access dashboard

Example (Tests\Feature\Example)
 ✔ Api health endpoint returns successful response

Example (Tests\Unit\Example)
 ✔ That true is true

Project Controller (Tests\Feature\ProjectController)
 ✔ Authenticated user can get projects list
 ✔ Admin can see all projects
 ✔ Regular user can only see own projects
 ✔ Can create project
 ✘ Can update project
   │
   │ Expected response status code [200] but received 422.
   │ Failed asserting that 422 is identical to 200.
   │
   │ /home/runner/work/project_management/project_management/backend/src/vendor/laravel/framework/src/Illuminate/Testing/TestResponse.php:148
   │ /home/runner/work/project_management/project_management/backend/src/tests/Feature/ProjectControllerTest.php:169
   │
 ✔ Can delete project
 ✘ Project validation rules
   │
   │ Failed to find a validation error in the response for key: 'amount'
   │
   │ Response has the following JSON validation errors:
   │
   │ {
   │     "name": [
   │         "The name field is required."
   │     ],
   │     "client_id": [
   │         "The client id field is required."
   │     ],
   │     "category": [
   │         "The category field is required."
   │     ],
   │     "contact_date": [
   │         "The contact date field is required."
   │     ],
   │     "status": [
   │         "The status field is required."
   │     ]
   │ }
   │
   │ Failed asserting that an array has the key 'amount'.
   │
   │ /home/runner/work/project_management/project_management/backend/src/vendor/laravel/framework/src/Illuminate/Testing/TestResponse.php:890
   │ /home/runner/work/project_management/project_management/backend/src/vendor/laravel/framework/src/Illuminate/Testing/TestResponse.php:845
   │ /home/runner/work/project_management/project_management/backend/src/tests/Feature/ProjectControllerTest.php:206
   │
 ✘ Project search functionality
   │
   │ InvalidArgumentException: Start date must be anterior to end date.
   │
   │ /home/runner/work/project_management/project_management/backend/src/vendor/fakerphp/faker/src/Faker/Provider/DateTime.php:152
   │ /home/runner/work/project_management/project_management/backend/src/vendor/fakerphp/faker/src/Faker/Generator.php:708
   │ /home/runner/work/project_management/project_management/backend/src/vendor/fakerphp/faker/src/Faker/Generator.php:973
   │ /home/runner/work/project_management/project_management/backend/src/vendor/fakerphp/faker/src/Faker/ChanceGenerator.php:55
   │ /home/runner/work/project_management/project_management/backend/src/database/factories/ProjectFactory.php:32
   │ /home/runner/work/project_management/project_management/backend/src/vendor/laravel/framework/src/Illuminate/Database/Eloquent/Factories/Factory.php:454
   │ /home/runner/work/project_management/project_management/backend/src/vendor/laravel/framework/src/Illuminate/Database/Eloquent/Factories/Factory.php:433
   │ /home/runner/work/project_management/project_management/backend/src/vendor/laravel/framework/src/Illuminate/Database/Eloquent/Factories/Factory.php:417
   │ /home/runner/work/project_management/project_management/backend/src/vendor/laravel/framework/src/Illuminate/Database/Eloquent/Concerns/GuardsAttributes.php:155
   │ /home/runner/work/project_management/project_management/backend/src/vendor/laravel/framework/src/Illuminate/Database/Eloquent/Factories/Factory.php:416
   │ /home/runner/work/project_management/project_management/backend/src/vendor/laravel/framework/src/Illuminate/Database/Eloquent/Factories/Factory.php:390
   │ /home/runner/work/project_management/project_management/backend/src/vendor/laravel/framework/src/Illuminate/Database/Eloquent/Factories/Factory.php:284
   │ /home/runner/work/project_management/project_management/backend/src/vendor/laravel/framework/src/Illuminate/Database/Eloquent/Factories/Factory.php:281
   │ /home/runner/work/project_management/project_management/backend/src/tests/Feature/ProjectControllerTest.php:220
   │
 ✔ Project status filter
 ✔ Unauthenticated user cannot access projects

ERRORS!
Tests: 26, Assertions: 116, Errors: 2, Failures: 2, Skipped: 3.